<?xml version="1.0" encoding="UTF-8"?>
<!-- Generated by org.testng.reporters.JUnitXMLReporter -->
<testsuite ignored="0" hostname="DESKTOP-90LHJ1B" failures="0" tests="4" name="Default test" time="19.966" errors="0" timestamp="2022-01-06T18:34:28 IST">
  <testcase classname="TestNGFramework.Login" name="VerifyTitle" time="0.015"/>
  <testcase classname="TestNGFramework.Login" name="LoginClick" time="3.085"/>
  <testcase classname="TestNGFramework.Login" name="RegisterUserviaEmail" time="4.272"/>
  <testcase classname="TestNGFramework.Login" name="LoginEmail" time="0.502"/>
</testsuite> <!-- Default test -->
